This file contains any messages produced by compilers while
running configure, to aid debugging if configure makes a mistake.

It was created by Exact Diagonalization configure 1.0, which was
generated by GNU Autoconf 2.69.  Invocation command line was

  $ ./configure --enable-blas=yes --enable-lapack=yes --enable-speed-optimization=yes

## --------- ##
## Platform. ##
## --------- ##

hostname = tschllaushau
uname -m = x86_64
uname -r = 3.13.0-24-generic
uname -s = Linux
uname -v = #47-Ubuntu SMP Fri May 2 23:30:00 UTC 2014

/usr/bin/uname -p = unknown
/bin/uname -X     = unknown

/bin/arch              = unknown
/usr/bin/arch -k       = unknown
/usr/convex/getsysinfo = unknown
/usr/bin/hostinfo      = unknown
/bin/machine           = unknown
/usr/bin/oslevel       = unknown
/bin/universe          = unknown

PATH: /usr/local/sbin
PATH: /usr/local/bin
PATH: /usr/sbin
PATH: /usr/bin
PATH: /sbin
PATH: /bin
PATH: /usr/games
PATH: /usr/local/games
PATH: /usr/lib/jvm/java-8-oracle/bin
PATH: /usr/lib/jvm/java-8-oracle/db/bin
PATH: /usr/lib/jvm/java-8-oracle/jre/bin


## ----------- ##
## Core tests. ##
## ----------- ##

configure:2170: checking for a BSD-compatible install
configure:2238: result: /usr/bin/install -c
configure:2249: checking whether build environment is sane
configure:2304: result: yes
configure:2455: checking for a thread-safe mkdir -p
configure:2494: result: /bin/mkdir -p
configure:2501: checking for gawk
configure:2517: found /usr/bin/gawk
configure:2528: result: gawk
configure:2539: checking whether make sets $(MAKE)
configure:2561: result: yes
configure:2590: checking whether make supports nested variables
configure:2607: result: yes
configure:2925: checking for mpicpc
configure:2955: result: no
configure:2925: checking for mpicxx
configure:2941: found /usr/bin/mpicxx
configure:2952: result: mpicxx
configure:2979: checking for C++ compiler version
configure:2988: mpicxx --version >&5
g++ (Ubuntu 4.8.4-2ubuntu1~14.04.3) 4.8.4
Copyright (C) 2013 Free Software Foundation, Inc.
This is free software; see the source for copying conditions.  There is NO
warranty; not even for MERCHANTABILITY or FITNESS FOR A PARTICULAR PURPOSE.

configure:2999: $? = 0
configure:2988: mpicxx -v >&5
Using built-in specs.
COLLECT_GCC=/usr/bin/g++
COLLECT_LTO_WRAPPER=/usr/lib/gcc/x86_64-linux-gnu/4.8/lto-wrapper
Target: x86_64-linux-gnu
Configured with: ../src/configure -v --with-pkgversion='Ubuntu 4.8.4-2ubuntu1~14.04.3' --with-bugurl=file:///usr/share/doc/gcc-4.8/README.Bugs --enable-languages=c,c++,java,go,d,fortran,objc,obj-c++ --prefix=/usr --program-suffix=-4.8 --enable-shared --enable-linker-build-id --libexecdir=/usr/lib --without-included-gettext --enable-threads=posix --with-gxx-include-dir=/usr/include/c++/4.8 --libdir=/usr/lib --enable-nls --with-sysroot=/ --enable-clocale=gnu --enable-libstdcxx-debug --enable-libstdcxx-time=yes --enable-gnu-unique-object --disable-libmudflap --enable-plugin --with-system-zlib --disable-browser-plugin --enable-java-awt=gtk --enable-gtk-cairo --with-java-home=/usr/lib/jvm/java-1.5.0-gcj-4.8-amd64/jre --enable-java-home --with-jvm-root-dir=/usr/lib/jvm/java-1.5.0-gcj-4.8-amd64 --with-jvm-jar-dir=/usr/lib/jvm-exports/java-1.5.0-gcj-4.8-amd64 --with-arch-directory=amd64 --with-ecj-jar=/usr/share/java/eclipse-ecj.jar --enable-objc-gc --enable-multiarch --disable-werror --with-arch-32=i686 --with-abi=m64 --with-multilib-list=m32,m64,mx32 --with-tune=generic --enable-checking=release --build=x86_64-linux-gnu --host=x86_64-linux-gnu --target=x86_64-linux-gnu
Thread model: posix
gcc version 4.8.4 (Ubuntu 4.8.4-2ubuntu1~14.04.3) 
configure:2999: $? = 0
configure:2988: mpicxx -V >&5
g++: error: unrecognized command line option '-V'
g++: fatal error: no input files
compilation terminated.
configure:2999: $? = 4
configure:2988: mpicxx -qversion >&5
g++: error: unrecognized command line option '-qversion'
g++: fatal error: no input files
compilation terminated.
configure:2999: $? = 4
configure:3019: checking whether the C++ compiler works
configure:3041: mpicxx   -std=c++11 -O3 -Wall -Wfatal-errors  conftest.cpp  >&5
configure:3045: $? = 0
configure:3093: result: yes
configure:3096: checking for C++ compiler default output file name
configure:3098: result: a.out
configure:3104: checking for suffix of executables
configure:3111: mpicxx -o conftest   -std=c++11 -O3 -Wall -Wfatal-errors  conftest.cpp  >&5
configure:3115: $? = 0
configure:3137: result: 
configure:3159: checking whether we are cross compiling
configure:3167: mpicxx -o conftest   -std=c++11 -O3 -Wall -Wfatal-errors  conftest.cpp  >&5
configure:3171: $? = 0
configure:3178: ./conftest
configure:3182: $? = 0
configure:3197: result: no
configure:3202: checking for suffix of object files
configure:3224: mpicxx -c   -std=c++11 -O3 -Wall -Wfatal-errors conftest.cpp >&5
configure:3228: $? = 0
configure:3249: result: o
configure:3253: checking whether we are using the GNU C++ compiler
configure:3272: mpicxx -c   -std=c++11 -O3 -Wall -Wfatal-errors conftest.cpp >&5
configure:3272: $? = 0
configure:3281: result: yes
configure:3290: checking whether mpicxx accepts -g
configure:3310: mpicxx -c -g  -std=c++11 -O3 -Wall -Wfatal-errors conftest.cpp >&5
configure:3310: $? = 0
configure:3351: result: yes
configure:3385: checking for style of include used by make
configure:3413: result: GNU
configure:3439: checking dependency style of mpicxx
configure:3550: result: gcc3
configure:3811: checking how to run the C++ preprocessor
configure:3838: mpicxx -E  -std=c++11 -O3 -Wall -Wfatal-errors conftest.cpp
configure:3838: $? = 0
configure:3852: mpicxx -E  -std=c++11 -O3 -Wall -Wfatal-errors conftest.cpp
conftest.cpp:15:28: fatal error: ac_nonexistent.h: No such file or directory
 #include <ac_nonexistent.h>
                            ^
compilation terminated.
configure:3852: $? = 1
configure: failed program was:
| /* confdefs.h */
| #define PACKAGE_NAME "Exact Diagonalization"
| #define PACKAGE_TARNAME "exact-diagonalization"
| #define PACKAGE_VERSION "1.0"
| #define PACKAGE_STRING "Exact Diagonalization 1.0"
| #define PACKAGE_BUGREPORT "simon.davenport2@gmail.com"
| #define PACKAGE_URL ""
| #define PACKAGE "exact-diagonalization"
| #define VERSION "1.0"
| #define _DEBUG_ 0
| #define _ENABLE_ARPACK_ 1
| #define _USING_ITERATIVE_HAMMING_WEIGHT_ALGORITHM_ 1
| #define _PYTHON_VERSION_ 2
| /* end confdefs.h.  */
| #include <ac_nonexistent.h>
configure:3877: result: mpicxx -E
configure:3897: mpicxx -E  -std=c++11 -O3 -Wall -Wfatal-errors conftest.cpp
configure:3897: $? = 0
configure:3911: mpicxx -E  -std=c++11 -O3 -Wall -Wfatal-errors conftest.cpp
conftest.cpp:15:28: fatal error: ac_nonexistent.h: No such file or directory
 #include <ac_nonexistent.h>
                            ^
compilation terminated.
configure:3911: $? = 1
configure: failed program was:
| /* confdefs.h */
| #define PACKAGE_NAME "Exact Diagonalization"
| #define PACKAGE_TARNAME "exact-diagonalization"
| #define PACKAGE_VERSION "1.0"
| #define PACKAGE_STRING "Exact Diagonalization 1.0"
| #define PACKAGE_BUGREPORT "simon.davenport2@gmail.com"
| #define PACKAGE_URL ""
| #define PACKAGE "exact-diagonalization"
| #define VERSION "1.0"
| #define _DEBUG_ 0
| #define _ENABLE_ARPACK_ 1
| #define _USING_ITERATIVE_HAMMING_WEIGHT_ALGORITHM_ 1
| #define _PYTHON_VERSION_ 2
| /* end confdefs.h.  */
| #include <ac_nonexistent.h>
configure:3940: checking for grep that handles long lines and -e
configure:3998: result: /bin/grep
configure:4003: checking for egrep
configure:4065: result: /bin/grep -E
configure:4070: checking for ANSI C header files
configure:4090: mpicxx -c   -std=c++11 -O3 -Wall -Wfatal-errors conftest.cpp >&5
configure:4090: $? = 0
configure:4163: mpicxx -o conftest   -std=c++11 -O3 -Wall -Wfatal-errors  conftest.cpp  >&5
configure:4163: $? = 0
configure:4163: ./conftest
configure:4163: $? = 0
configure:4174: result: yes
configure:4187: checking for sys/types.h
configure:4187: mpicxx -c   -std=c++11 -O3 -Wall -Wfatal-errors conftest.cpp >&5
configure:4187: $? = 0
configure:4187: result: yes
configure:4187: checking for sys/stat.h
configure:4187: mpicxx -c   -std=c++11 -O3 -Wall -Wfatal-errors conftest.cpp >&5
configure:4187: $? = 0
configure:4187: result: yes
configure:4187: checking for stdlib.h
configure:4187: mpicxx -c   -std=c++11 -O3 -Wall -Wfatal-errors conftest.cpp >&5
configure:4187: $? = 0
configure:4187: result: yes
configure:4187: checking for string.h
configure:4187: mpicxx -c   -std=c++11 -O3 -Wall -Wfatal-errors conftest.cpp >&5
configure:4187: $? = 0
configure:4187: result: yes
configure:4187: checking for memory.h
configure:4187: mpicxx -c   -std=c++11 -O3 -Wall -Wfatal-errors conftest.cpp >&5
configure:4187: $? = 0
configure:4187: result: yes
configure:4187: checking for strings.h
configure:4187: mpicxx -c   -std=c++11 -O3 -Wall -Wfatal-errors conftest.cpp >&5
configure:4187: $? = 0
configure:4187: result: yes
configure:4187: checking for inttypes.h
configure:4187: mpicxx -c   -std=c++11 -O3 -Wall -Wfatal-errors conftest.cpp >&5
configure:4187: $? = 0
configure:4187: result: yes
configure:4187: checking for stdint.h
configure:4187: mpicxx -c   -std=c++11 -O3 -Wall -Wfatal-errors conftest.cpp >&5
configure:4187: $? = 0
configure:4187: result: yes
configure:4187: checking for unistd.h
configure:4187: mpicxx -c   -std=c++11 -O3 -Wall -Wfatal-errors conftest.cpp >&5
configure:4187: $? = 0
configure:4187: result: yes
configure:4204: checking sparsehash/dense_hash_map usability
configure:4204: mpicxx -c   -std=c++11 -O3 -Wall -Wfatal-errors conftest.cpp >&5
configure:4204: $? = 0
configure:4204: result: yes
configure:4204: checking sparsehash/dense_hash_map presence
configure:4204: mpicxx -E  -std=c++11 -O3 -Wall -Wfatal-errors conftest.cpp
configure:4204: $? = 0
configure:4204: result: yes
configure:4204: checking for sparsehash/dense_hash_map
configure:4204: result: yes
configure:4236: checking fftw3.h usability
configure:4236: mpicxx -c   -std=c++11 -O3 -Wall -Wfatal-errors conftest.cpp >&5
configure:4236: $? = 0
configure:4236: result: yes
configure:4236: checking fftw3.h presence
configure:4236: mpicxx -E  -std=c++11 -O3 -Wall -Wfatal-errors conftest.cpp
configure:4236: $? = 0
configure:4236: result: yes
configure:4236: checking for fftw3.h
configure:4236: result: yes
configure:4250: checking sqlite3.h usability
configure:4250: mpicxx -c   -std=c++11 -O3 -Wall -Wfatal-errors conftest.cpp >&5
configure:4250: $? = 0
configure:4250: result: yes
configure:4250: checking sqlite3.h presence
configure:4250: mpicxx -E  -std=c++11 -O3 -Wall -Wfatal-errors conftest.cpp
configure:4250: $? = 0
configure:4250: result: yes
configure:4250: checking for sqlite3.h
configure:4250: result: yes
configure:4264: checking boost/program_options.hpp usability
configure:4264: mpicxx -c   -std=c++11 -O3 -Wall -Wfatal-errors conftest.cpp >&5
configure:4264: $? = 0
configure:4264: result: yes
configure:4264: checking boost/program_options.hpp presence
configure:4264: mpicxx -E  -std=c++11 -O3 -Wall -Wfatal-errors conftest.cpp
configure:4264: $? = 0
configure:4264: result: yes
configure:4264: checking for boost/program_options.hpp
configure:4264: result: yes
configure:4348: checking for ranlib
configure:4364: found /usr/bin/ranlib
configure:4375: result: ranlib
configure:4546: checking that generated files are newer than configure
configure:4552: result: done
configure:4575: creating ./config.status

## ---------------------- ##
## Running config.status. ##
## ---------------------- ##

This file was extended by Exact Diagonalization config.status 1.0, which was
generated by GNU Autoconf 2.69.  Invocation command line was

  CONFIG_FILES    = 
  CONFIG_HEADERS  = 
  CONFIG_LINKS    = 
  CONFIG_COMMANDS = 
  $ ./config.status 

on tschllaushau

config.status:783: creating Makefile
config.status:783: creating src/Makefile
config.status:955: executing depfiles commands

## ---------------- ##
## Cache variables. ##
## ---------------- ##

ac_cv_cxx_compiler_gnu=yes
ac_cv_env_CCC_set=
ac_cv_env_CCC_value=
ac_cv_env_CPPFLAGS_set=
ac_cv_env_CPPFLAGS_value=
ac_cv_env_CXXCPP_set=
ac_cv_env_CXXCPP_value=
ac_cv_env_CXXFLAGS_set=
ac_cv_env_CXXFLAGS_value=
ac_cv_env_CXX_set=
ac_cv_env_CXX_value=
ac_cv_env_FCFLAGS_set=
ac_cv_env_FCFLAGS_value=
ac_cv_env_FC_set=
ac_cv_env_FC_value=
ac_cv_env_LDFLAGS_set=
ac_cv_env_LDFLAGS_value=
ac_cv_env_LIBS_set=
ac_cv_env_LIBS_value=
ac_cv_env_build_alias_set=
ac_cv_env_build_alias_value=
ac_cv_env_host_alias_set=
ac_cv_env_host_alias_value=
ac_cv_env_target_alias_set=
ac_cv_env_target_alias_value=
ac_cv_header_boost_program_options_hpp=yes
ac_cv_header_fftw3_h=yes
ac_cv_header_inttypes_h=yes
ac_cv_header_memory_h=yes
ac_cv_header_sparsehash_dense_hash_map=yes
ac_cv_header_sqlite3_h=yes
ac_cv_header_stdc=yes
ac_cv_header_stdint_h=yes
ac_cv_header_stdlib_h=yes
ac_cv_header_string_h=yes
ac_cv_header_strings_h=yes
ac_cv_header_sys_stat_h=yes
ac_cv_header_sys_types_h=yes
ac_cv_header_unistd_h=yes
ac_cv_objext=o
ac_cv_path_EGREP='/bin/grep -E'
ac_cv_path_GREP=/bin/grep
ac_cv_path_install='/usr/bin/install -c'
ac_cv_path_mkdir=/bin/mkdir
ac_cv_prog_AWK=gawk
ac_cv_prog_CXXCPP='mpicxx -E'
ac_cv_prog_ac_ct_CXX=mpicxx
ac_cv_prog_ac_ct_RANLIB=ranlib
ac_cv_prog_cxx_g=yes
ac_cv_prog_make_make_set=yes
am_cv_CXX_dependencies_compiler_type=gcc3
am_cv_make_support_nested_variables=yes

## ----------------- ##
## Output variables. ##
## ----------------- ##

ACLOCAL='${SHELL} /home/simon/physics_programs/hamiltonian_diagonalization/config/missing aclocal-1.14'
AMDEPBACKSLASH='\'
AMDEP_FALSE='#'
AMDEP_TRUE=''
AMTAR='$${TAR-tar}'
AM_BACKSLASH='\'
AM_DEFAULT_V='$(AM_DEFAULT_VERBOSITY)'
AM_DEFAULT_VERBOSITY='1'
AM_V='$(V)'
AUTOCONF='${SHELL} /home/simon/physics_programs/hamiltonian_diagonalization/config/missing autoconf'
AUTOHEADER='${SHELL} /home/simon/physics_programs/hamiltonian_diagonalization/config/missing autoheader'
AUTOMAKE='${SHELL} /home/simon/physics_programs/hamiltonian_diagonalization/config/missing automake-1.14'
AWK='gawk'
CPPFLAGS=' -std=c++11 -O3 -Wall -Wfatal-errors'
CXX='mpicxx'
CXXCPP='mpicxx -E'
CXXDEPMODE='depmode=gcc3'
CXXFLAGS=''
CYGPATH_W='echo'
DEFS='-DPACKAGE_NAME=\"Exact\ Diagonalization\" -DPACKAGE_TARNAME=\"exact-diagonalization\" -DPACKAGE_VERSION=\"1.0\" -DPACKAGE_STRING=\"Exact\ Diagonalization\ 1.0\" -DPACKAGE_BUGREPORT=\"simon.davenport2@gmail.com\" -DPACKAGE_URL=\"\" -DPACKAGE=\"exact-diagonalization\" -DVERSION=\"1.0\" -D_DEBUG_=0 -D_ENABLE_ARPACK_=1 -D_USING_ITERATIVE_HAMMING_WEIGHT_ALGORITHM_=1 -D_PYTHON_VERSION_=2 -DSTDC_HEADERS=1 -DHAVE_SYS_TYPES_H=1 -DHAVE_SYS_STAT_H=1 -DHAVE_STDLIB_H=1 -DHAVE_STRING_H=1 -DHAVE_MEMORY_H=1 -DHAVE_STRINGS_H=1 -DHAVE_INTTYPES_H=1 -DHAVE_STDINT_H=1 -DHAVE_UNISTD_H=1 -D_SPEED_OPTIMIZED_MAP_=1 -D_MEMORY_OPTIMIZED_MAP_=0 -DHAVE_SPARSEHASH_DENSE_HASH_MAP=1 -DHAVE_FFTW3_H=1 -DHAVE_SQLITE3_H=1 -DHAVE_BOOST_PROGRAM_OPTIONS_HPP=1'
DEPDIR='.deps'
ECHO_C=''
ECHO_N='-n'
ECHO_T=''
EGREP='/bin/grep -E'
EXEEXT=''
FC='mpicxx'
FCFLAGS=''
GREP='/bin/grep'
INSTALL_DATA='${INSTALL} -m 644'
INSTALL_PROGRAM='${INSTALL}'
INSTALL_SCRIPT='${INSTALL}'
INSTALL_STRIP_PROGRAM='$(install_sh) -c -s'
LDFLAGS=''
LIBOBJS=''
LIBS=' -lparpack -larpack -lboost_program_options -lfftw3 -lsqlite3 -lgfortran -llapack -lblas -lmpi_f77 -lmpi_f90'
LTLIBOBJS=''
MAKEINFO='${SHELL} /home/simon/physics_programs/hamiltonian_diagonalization/config/missing makeinfo'
MKDIR_P='/bin/mkdir -p'
OBJEXT='o'
PACKAGE='exact-diagonalization'
PACKAGE_BUGREPORT='simon.davenport2@gmail.com'
PACKAGE_NAME='Exact Diagonalization'
PACKAGE_STRING='Exact Diagonalization 1.0'
PACKAGE_TARNAME='exact-diagonalization'
PACKAGE_URL=''
PACKAGE_VERSION='1.0'
PATH_SEPARATOR=':'
RANLIB='ranlib'
SET_MAKE=''
SHELL='/bin/bash'
STRIP=''
VERSION='1.0'
ac_ct_CXX='mpicxx'
ac_ct_FC=''
am__EXEEXT_FALSE=''
am__EXEEXT_TRUE='#'
am__fastdepCXX_FALSE='#'
am__fastdepCXX_TRUE=''
am__include='include'
am__isrc=''
am__leading_dot='.'
am__nodep='_no'
am__quote=''
am__tar='$${TAR-tar} chof - "$$tardir"'
am__untar='$${TAR-tar} xf -'
bindir='${exec_prefix}/bin'
build_alias=''
datadir='${datarootdir}'
datarootdir='${prefix}/share'
docdir='${datarootdir}/doc/${PACKAGE_TARNAME}'
dvidir='${docdir}'
exec_prefix='${prefix}'
host_alias=''
htmldir='${docdir}'
includedir='${prefix}/include'
infodir='${datarootdir}/info'
install_sh='${SHELL} /home/simon/physics_programs/hamiltonian_diagonalization/config/install-sh'
libdir='${exec_prefix}/lib'
libexecdir='${exec_prefix}/libexec'
localedir='${datarootdir}/locale'
localstatedir='${prefix}/var'
mandir='${datarootdir}/man'
mkdir_p='$(MKDIR_P)'
oldincludedir='/usr/include'
pdfdir='${docdir}'
prefix='/usr/local'
program_transform_name='s,x,x,'
psdir='${docdir}'
sbindir='${exec_prefix}/sbin'
sharedstatedir='${prefix}/com'
sysconfdir='${prefix}/etc'
target_alias=''

## ----------- ##
## confdefs.h. ##
## ----------- ##

/* confdefs.h */
#define PACKAGE_NAME "Exact Diagonalization"
#define PACKAGE_TARNAME "exact-diagonalization"
#define PACKAGE_VERSION "1.0"
#define PACKAGE_STRING "Exact Diagonalization 1.0"
#define PACKAGE_BUGREPORT "simon.davenport2@gmail.com"
#define PACKAGE_URL ""
#define PACKAGE "exact-diagonalization"
#define VERSION "1.0"
#define _DEBUG_ 0
#define _ENABLE_ARPACK_ 1
#define _USING_ITERATIVE_HAMMING_WEIGHT_ALGORITHM_ 1
#define _PYTHON_VERSION_ 2
#define STDC_HEADERS 1
#define HAVE_SYS_TYPES_H 1
#define HAVE_SYS_STAT_H 1
#define HAVE_STDLIB_H 1
#define HAVE_STRING_H 1
#define HAVE_MEMORY_H 1
#define HAVE_STRINGS_H 1
#define HAVE_INTTYPES_H 1
#define HAVE_STDINT_H 1
#define HAVE_UNISTD_H 1
#define _SPEED_OPTIMIZED_MAP_ 1
#define _MEMORY_OPTIMIZED_MAP_ 0
#define HAVE_SPARSEHASH_DENSE_HASH_MAP 1
#define HAVE_FFTW3_H 1
#define HAVE_SQLITE3_H 1
#define HAVE_BOOST_PROGRAM_OPTIONS_HPP 1

configure: exit 0
